2026-06-24 17:18:27,096 [INFO] rationlink.main: Initializing RationLink local SQLite database...
2026-06-24 17:18:27,139 [INFO] rationlink.main: Database initialized successfully.
2026-06-24 17:35:37,766 [WARNING] rationlink.main: Input validation failure at POST /api/auth/login: [{'type': 'string_type', 'loc': ('body', 'face_descriptor'), 'msg': 'Input should be a valid string', 'input': [-0.14045700430870056, 0.0414724238216877, 0.0734066292643547, -0.005394306033849716, -0.15668931603431702, 0.0024249188136309385, -0.020868688821792603, -0.02352805808186531, 0.172198086977005, -0.07573772221803665, 0.16789141297340393, -0.03623862937092781, -0.2616453170776367, 0.10622254014015198, -0.046925920993089676, 0.17007625102996826, -0.1732950061559677, -0.052952513098716736, -0.07296042144298553, -0.05338352918624878, 0.05698106437921524, 0.05663147568702698, 0.06197071447968483, 0.11556879431009293, -0.15732844173908234, -0.3552034795284271, -0.059805553406476974, -0.12211667001247406, 0.0055803293362259865, -0.01140675600618124, -0.009483441710472107, 0.05984065309166908, -0.17123019695281982, 0.01138534676283598, 0.0539356991648674, 0.059910256415605545, -0.047996118664741516, -0.10724152624607086, 0.26814600825309753, 0.05682624131441116, -0.19755151867866516, -0.050579849630594254, 0.031012587249279022, 0.24258816242218018, 0.1740919053554535, 0.04835790768265724, 0.06482162326574326, -0.10274626314640045, 0.09753847122192383, -0.3135657012462616, 0.03934032469987869, 0.16949446499347687, -0.03550424799323082, 0.04281116649508476, 0.10465466976165771, -0.15374545753002167, 0.04642893373966217, 0.12075229734182358, -0.1706090122461319, 0.04596047103404999, 0.055952224880456924, -0.03102192096412182, 0.027556434273719788, -0.06684834510087967, 0.2376411408185959, 0.10448998957872391, -0.09839005023241043, -0.08145909756422043, 0.14189410209655762, -0.19482260942459106, -0.02879505790770054, 0.10041649639606476, -0.12933123111724854, -0.24054816365242004, -0.2998329997062683, 0.022922614589333534, 0.4521171450614929, 0.22444576025009155, -0.12666498124599457, 0.009870796464383602, -0.02840922586619854, -0.023786595091223717, 0.17215287685394287, 0.1219695508480072, -0.06467527896165848, -0.024149583652615547, -0.0636696070432663, 0.06688263267278671, 0.23915478587150574, -0.014258220791816711, -0.016241712495684624, 0.27231302857398987, 0.03985504433512688, -0.0343770757317543, 0.026673676446080208, 0.03110087290406227, -0.09384387731552124, -0.0669729933142662, -0.15721291303634644, -0.009992800652980804, 0.020577823743224144, 0.010381113737821579, 0.03920457139611244, 0.10162539035081863, -0.21550697088241577, 0.018496857956051826, -0.0787033662199974, -0.13386385142803192, -0.061295364052057266, -0.03591952845454216, -0.18820689618587494, -0.007822295650839806, 0.16590766608715057, -0.22110986709594727, 0.1284787356853485, 0.1528131663799286, -0.007179544307291508, 0.14793631434440613, 0.07070666551589966, 0.04846305400133133, -0.023191699758172035, -0.04428364709019661, -0.11482815444469452, -0.036931250244379044, 0.11355910450220108, 0.00046394107630476356, 0.07922470569610596, -0.04123397916555405]}]
2026-06-25 00:03:54,199 [INFO] rationlink.otp: Generated OTP for +91-1234567890: 618634
2026-06-25 00:05:07,987 [WARNING] rationlink.otp: OTP verification failed: Incorrect code for +91-1234567890
2026-06-25 00:05:17,084 [INFO] rationlink.otp: Generated OTP for +91-1234567890: 153415
2026-06-25 00:05:55,717 [WARNING] rationlink.otp: OTP verification failed: Incorrect code for +91-1234567890
2026-06-25 00:07:04,956 [INFO] rationlink.otp: Generated OTP for +91-1234567890: 147596
2026-06-25 00:07:26,056 [WARNING] rationlink.otp: OTP verification failed: Incorrect code for +91-1234567890
2026-06-25 00:08:29,632 [INFO] rationlink.otp: Generated OTP for +91-1234567890: 936390
2026-06-25 00:08:53,603 [INFO] rationlink.otp: OTP successfully verified for +91-1234567890
2026-06-25 00:12:14,322 [WARNING] rationlink.main: Input validation failure at POST /api/auth/login: [{'type': 'string_type', 'loc': ('body', 'face_descriptor'), 'msg': 'Input should be a valid string', 'input': [-0.1578797549009323, 0.028150079771876335, 0.05015018209815025, -0.017582139000296593, -0.1158045083284378, -0.006843253504484892, -0.014639381319284439, -0.05472961440682411, 0.15414534509181976, -0.05543245002627373, 0.1863938421010971, 0.04575597122311592, -0.2328396886587143, 0.05385304614901543, -0.039620209485292435, 0.13414254784584045, -0.17578604817390442, -0.08432915061712265, -0.09236163645982742, -0.05623355880379677, -0.0062284283339977264, 0.0017293518176302314, 0.11822116374969482, 0.13199804723262787, -0.1469215303659439, -0.296307235956192, -0.05563315749168396, -0.15520668029785156, 0.02355945110321045, 0.0026511482428759336, -0.03214433044195175, -0.006046820431947708, -0.18461406230926514, -0.024102697148919106, 0.029604323208332062, 0.04278779774904251, -0.029097780585289, -0.07683450728654861, 0.2686827480792999, -0.03501902148127556, -0.17289434373378754, -0.03932330384850502, 0.06697440892457962, 0.2290109395980835, 0.21167056262493134, 0.03077869862318039, 0.07021907716989517, -0.06661997735500336, 0.06424737721681595, -0.3416283130645752, 0.07583501935005188, 0.1196066215634346, -0.01213556807488203, 0.06551054120063782, 0.06071696802973747, -0.19555695354938507, 0.05050506815314293, 0.13085398077964783, -0.14129430055618286, 0.0911446064710617, -0.003847607411444187, -0.007125333417207003, 0.038130901753902435, -0.015938270837068558, 0.2777083218097687, 0.12702830135822296, -0.1405738741159439, -0.08414895832538605, 0.1344248503446579, -0.21375489234924316, -0.020275264978408813, 0.09885474294424057, -0.12722943723201752, -0.23197612166404724, -0.31915777921676636, 0.019742708653211594, 0.48786309361457825, 0.225167915225029, -0.16042189300060272, 0.012876025401055813, -0.09127441048622131, -0.04629003629088402, 0.08807967603206635, 0.11103077232837677, -0.07856440544128418, -0.014665801078081131, -0.10097157955169678, 0.0391143336892128, 0.24497148394584656, 0.031653162091970444, -0.050444863736629486, 0.24996697902679443, 0.06909549981355667, -0.023889102041721344, 0.0628795474767685, 0.12450236082077026, -0.08234961330890656, -0.0908709391951561, -0.1805330514907837, 0.014253607019782066, -0.0312516987323761, -0.020359477028250694, 0.012613028287887573, 0.10899918526411057, -0.21217292547225952, 0.09533224999904633, -0.061369359493255615, -0.11763856559991837, -0.07990377396345139, 0.0156342014670372, -0.10921505093574524, -0.014454718679189682, 0.15668737888336182, -0.22119681537151337, 0.16343942284584045, 0.19576267898082733, 0.054841138422489166, 0.185188889503479, 0.03163480758666992, 0.04168728366494179, -0.022554360330104828, 0.009770555421710014, -0.09651665389537811, -0.05785102769732475, 0.034497037529945374, -0.06331033259630203, 0.12351253628730774, 0.05025206506252289]}]
2026-06-25 00:12:32,559 [INFO] rationlink.otp: Generated OTP for +91-1234567890: 644278
2026-06-25 00:12:39,734 [WARNING] rationlink.otp: OTP verification failed: Incorrect code for +91-1234567890
2026-06-25 00:12:46,287 [WARNING] rationlink.otp: OTP verification failed: Incorrect code for +91-1234567890
2026-06-25 00:12:50,054 [INFO] rationlink.otp: Generated OTP for +91-1234567890: 233105
2026-06-25 00:12:53,535 [INFO] rationlink.otp: Generated OTP for +91-1234567890: 164717
2026-06-25 00:13:03,646 [INFO] rationlink.otp: OTP successfully verified for +91-1234567890
2026-06-25 00:15:19,966 [ERROR] rationlink.cv: Failed to analyze grain image: setting an array element with a sequence. The requested array has an inhomogeneous shape after 1 dimensions. The detected shape was (4,) + inhomogeneous part.
Traceback (most recent call last):
  File "G:\RationLink\RATIONLINK\rationlink-backend\core\grain_cv.py", line 49, in analyze_grain_image
    edge_mean = np.mean([gray[0, :], gray[-1, :], gray[:, 0], gray[:, -1]])
                ^^^^^^^^^^^^^^^^^^^^^^^^^^^^^^^^^^^^^^^^^^^^^^^^^^^^^^^^^^^
  File "G:\RationLink\RATIONLINK\rationlink-backend\venv\Lib\site-packages\numpy\_core\fromnumeric.py", line 3824, in mean
    return _methods._mean(a, axis=axis, dtype=dtype,
           ^^^^^^^^^^^^^^^^^^^^^^^^^^^^^^^^^^^^^^^^^
  File "G:\RationLink\RATIONLINK\rationlink-backend\venv\Lib\site-packages\numpy\_core\_methods.py", line 116, in _mean
    arr = asanyarray(a)
          ^^^^^^^^^^^^^
ValueError: setting an array element with a sequence. The requested array has an inhomogeneous shape after 1 dimensions. The detected shape was (4,) + inhomogeneous part.
2026-06-25 00:30:27,363 [WARNING] rationlink.otp: OTP verification failed: No active code for +91-1234567890
2026-06-25 00:31:20,236 [WARNING] rationlink.otp: OTP verification failed: No active code for +91-1234567890
2026-06-25 00:37:25,393 [INFO] rationlink.otp: Generated OTP for +91-1234567890: 138689
2026-06-25 00:37:33,754 [INFO] rationlink.otp: OTP successfully verified for +91-1234567890
2026-06-25 00:41:07,279 [ERROR] rationlink.fraud_detection: Error executing full fraud scan: 'flagged_count'
Traceback (most recent call last):
  File "G:\RationLink\RATIONLINK\rationlink-backend\core\fraud_detection.py", line 188, in full_fraud_scan
    behaviour["flagged_count"],
    ~~~~~~~~~^^^^^^^^^^^^^^^^^
KeyError: 'flagged_count'
2026-06-25 00:43:07,813 [WARNING] rationlink.main: Input validation failure at POST /api/auth/login: [{'type': 'string_type', 'loc': ('body', 'face_descriptor'), 'msg': 'Input should be a valid string', 'input': [-0.11978568136692047, 0.08263877779245377, 0.046487268060445786, 0.002059374935925007, -0.1578352153301239, 0.03300044313073158, -0.04379228129982948, -0.09064175933599472, 0.19799435138702393, -0.1500043272972107, 0.17925851047039032, 0.05722928047180176, -0.24175600707530975, -0.015986111015081406, -0.04050745069980621, 0.1615697145462036, -0.10653116554021835, -0.12175168842077255, -0.15018998086452484, -0.12359946966171265, -0.03522596135735512, 0.13240408897399902, 0.06684225052595139, 0.06517993658781052, -0.15511365234851837, -0.339489609003067, -0.05661614611744881, -0.14207740128040314, 0.01980644091963768, -0.020413920283317566, -0.020197948440909386, 0.026757918298244476, -0.15508759021759033, -0.04028641805052757, 0.06519608199596405, 0.055278949439525604, -0.08640425652265549, -0.00661478703841567, 0.24267053604125977, 0.0553516186773777, -0.21038973331451416, 0.039535533636808395, 0.04805894196033478, 0.2853519320487976, 0.144382506608963, 0.023592179641127586, 0.04138034209609032, -0.09772692620754242, 0.11708245426416397, -0.2703342139720917, 0.06350652873516083, 0.16574880480766296, 0.017695488408207893, 0.05583313852548599, 0.0712304562330246, -0.10353770852088928, 0.04823734238743782, 0.09624914079904556, -0.21845637261867523, 0.0727892518043518, 0.10096698254346848, -0.122909314930439, -0.09381494671106339, 0.02810519188642502, 0.20117035508155823, 0.10757897794246674, -0.09158659726381302, -0.13428547978401184, 0.15210682153701782, -0.21542969346046448, -0.010382586158812046, 0.14349518716335297, -0.09354381263256073, -0.18530073761940002, -0.23640812933444977, 0.03663324564695358, 0.5871198177337646, 0.18891063332557678, -0.11319418251514435, 0.028745075687766075, -0.0865020751953125, -0.04616063833236694, 0.11885835975408554, 0.08818589895963669, -0.05107640102505684, -0.05926404520869255, -0.057587575167417526, 0.0965438261628151, 0.20341262221336365, 0.0031618704088032246, -0.030336856842041016, 0.2590835988521576, 0.1204260066151619, 0.016088640317320824, 0.06969956308603287, 0.06598933786153793, -0.10896845161914825, -0.1037251427769661, -0.11869431287050247, -0.026726767420768738, -0.0028415098786354065, -0.025156797841191292, 0.05036491900682449, -0.0043813688680529594, -0.15415562689304352, 0.20361967384815216, -0.00010943412053165957, -0.07283776998519897, 0.010686608962714672, 0.0371580608189106, -0.0980209931731224, -0.04220520704984665, 0.15889310836791992, -0.22642043232917786, 0.17555995285511017, 0.1161314994096756, 0.03501252457499504, 0.18885435163974762, 0.06060873344540596, 0.05484173446893692, -0.04360225796699524, -0.056649137288331985, -0.11669028550386429, -0.12621213495731354, 0.04652824625372887, -0.058515504002571106, 0.1316688507795334, -0.001877910690382123]}]
2026-06-25 00:43:13,480 [INFO] rationlink.otp: Generated OTP for +91-1234567890: 905534
2026-06-25 00:43:20,395 [INFO] rationlink.otp: OTP successfully verified for +91-1234567890
2026-06-25 00:44:58,603 [ERROR] rationlink.fraud_detection: Error executing full fraud scan: 'flagged_count'
Traceback (most recent call last):
  File "G:\RationLink\RATIONLINK\rationlink-backend\core\fraud_detection.py", line 188, in full_fraud_scan
    behaviour["flagged_count"],
    ~~~~~~~~~^^^^^^^^^^^^^^^^^
KeyError: 'flagged_count'
2026-06-25 23:50:47,623 [INFO] rationlink.main: Initializing RationLink local SQLite database...
2026-06-25 23:50:48,141 [INFO] rationlink.main: Database initialized successfully.
2026-06-26 00:15:35,436 [INFO] rationlink.main: Initializing RationLink local SQLite database...
2026-06-26 00:15:35,552 [INFO] rationlink.main: Database initialized successfully.
2026-06-26 00:15:42,375 [INFO] rationlink.main: Initializing RationLink local SQLite database...
2026-06-26 00:15:42,383 [INFO] rationlink.main: Database initialized successfully.
2026-06-26 00:15:48,540 [INFO] rationlink.main: Initializing RationLink local SQLite database...
2026-06-26 00:15:48,560 [INFO] rationlink.main: Database initialized successfully.
2026-06-26 00:15:55,502 [INFO] rationlink.main: Initializing RationLink local SQLite database...
2026-06-26 00:15:55,506 [INFO] rationlink.main: Database initialized successfully.
2026-06-26 00:16:01,795 [INFO] rationlink.main: Initializing RationLink local SQLite database...
2026-06-26 00:16:01,811 [INFO] rationlink.main: Database initialized successfully.
2026-06-26 00:16:09,179 [INFO] rationlink.main: Initializing RationLink local SQLite database...
2026-06-26 00:16:09,182 [INFO] rationlink.main: Database initialized successfully.
2026-06-26 00:16:16,112 [INFO] rationlink.main: Initializing RationLink local SQLite database...
2026-06-26 00:16:16,116 [INFO] rationlink.main: Database initialized successfully.
2026-06-26 00:16:22,468 [INFO] rationlink.main: Initializing RationLink local SQLite database...
2026-06-26 00:16:22,472 [INFO] rationlink.main: Database initialized successfully.
